<?xml version="1.0" encoding="UTF-8"?>
<testsuite name="co.icesi.project.service.SpeedCalculationServiceTest" tests="5" skipped="0" failures="0" errors="0" timestamp="2026-06-03T20:36:13.003Z" hostname="JAVI" time="0.049">
  <properties/>
  <testcase name="testMismaPosicionSeIgnora()" classname="co.icesi.project.service.SpeedCalculationServiceTest" time="0.029"/>
  <testcase name="testPromedioDeTresVelocidades()" classname="co.icesi.project.service.SpeedCalculationServiceTest" time="0.012"/>
  <testcase name="testBusesDiferentesNoSeMezclan()" classname="co.icesi.project.service.SpeedCalculationServiceTest" time="0.002"/>
  <testcase name="testCalculoBasico()" classname="co.icesi.project.service.SpeedCalculationServiceTest" time="0.002"/>
  <testcase name="testRutaNoActivaSeIgnora()" classname="co.icesi.project.service.SpeedCalculationServiceTest" time="0.001"/>
  <system-out><![CDATA[]]></system-out>
  <system-err><![CDATA[]]></system-err>
</testsuite>
